2021-08-29 05:05:32 root | cls

2021-08-29 05:05:34 root | help

2021-08-29 05:05:38 root | ongoing

2021-08-29 05:05:44 root | users

2021-08-29 05:05:46 root | sessions

2021-08-29 05:07:00 root | cls

2021-08-29 05:09:08 root | reload

2021-08-29 05:09:09 root | cls

2021-08-29 05:12:23 root | reload

2021-08-29 05:12:24 root | cls

2021-08-29 05:13:18 root | reload

2021-08-29 05:13:19 root | cls

2021-08-29 05:13:44 root | cls

2021-08-29 05:13:46 root | reload

2021-08-29 05:13:47 root | cls

2021-08-29 05:16:20 root | users add

2021-08-29 05:16:25 root | 

2021-08-29 05:16:27 root | 

2021-08-29 05:16:46 root | cls

2021-08-29 05:17:20 root | cls

2022-07-01 20:13:27 root | 

2022-07-01 20:13:27 root | 

2022-07-01 20:13:27 root | 

2022-07-01 20:13:27 root | 

2022-07-01 20:13:39 root | 

2022-07-01 20:13:56 root | help

2022-07-01 20:13:57 root | ?

2022-07-01 20:14:03 root | myip

2022-07-01 20:14:06 root | root

2022-07-01 20:14:08 root | ?

2022-07-01 20:14:10 root | users

2022-07-01 20:14:14 root | users help

2022-07-01 20:14:17 root | users edir

2022-07-01 20:14:18 root | users edit

2022-07-01 20:14:21 root | edit

2022-07-01 20:14:24 root | users remove

2022-07-01 20:14:25 root | uders add

2022-07-01 20:14:27 root | users add

2022-07-01 20:14:31 root | users add

2022-07-01 20:14:46 root | ls

2022-07-01 20:14:47 root | exit

2022-07-01 20:14:47 root | 

2022-07-01 20:14:49 root | bye

2022-07-01 20:14:49 root | exit

2022-07-01 20:15:22 root | 

2022-07-01 21:36:17 root | motd

2022-07-01 21:36:19 root | motd skid

2022-07-01 21:36:24 root | mktd.skid

2022-07-01 21:36:25 root | motd skid

2022-07-01 21:36:28 root | clear

2022-07-01 21:36:29 root | clear

2022-07-01 21:36:31 root | exit

2022-07-01 21:36:36 root | help

2022-07-01 21:36:38 root | broadcast

2022-07-01 21:36:41 root | broadcast skid

2022-07-01 21:36:43 root | broadcast skid

2022-07-01 21:36:44 root | 

2022-07-01 21:36:46 root | wjoam

2022-07-01 21:36:47 root | who

2022-07-01 21:41:09 root | fb

2022-07-01 21:41:11 root | fb

2022-07-01 21:41:15 root | motd skid

2022-07-01 21:41:16 root | fb

2022-07-01 21:42:15 root | clear

2022-07-01 21:42:16 root | cls

2022-07-01 21:42:27 root | motd SKIDSKIDSKID

2022-07-01 21:42:29 root | fb

2022-07-01 21:43:40 root | exit

2022-07-01 21:43:42 root | quit

2022-07-01 21:43:43 root | 

2022-07-01 22:18:33 root | help

2022-07-01 22:18:34 root | help

2022-07-01 22:18:35 root | fb

2022-07-01 22:18:54 root | help

2022-07-01 22:18:55 root | reload

2022-07-01 22:18:56 root | help

2022-07-01 22:19:15 root | rellad

2022-07-01 22:19:16 root | reload

2022-07-01 22:19:17 root | held

2022-07-01 22:19:25 root | reloas

2022-07-01 22:19:27 root | reload

2022-07-01 22:19:28 root | help

2022-07-01 22:19:37 root | held

2022-07-01 22:19:39 root | reload

2022-07-01 22:19:41 root | held

2022-07-01 22:19:45 root | users

2022-07-01 22:19:49 root | users remove

2022-07-01 22:19:56 root | sessions

2022-07-01 22:20:06 root | broadcast skid

2022-07-01 22:20:08 root | who

2022-07-01 22:23:39 root | help

2022-07-01 22:23:40 root | 

2022-07-01 22:23:40 root | 

2022-07-01 22:23:42 root | clear

2022-07-01 22:23:44 root | held

2022-07-01 22:23:45 root | held

2022-07-01 22:23:46 root | reload

2022-07-01 22:23:48 root | help

2022-07-01 22:23:57 root | exir

2022-07-01 22:23:58 root | 

2022-07-02 09:08:25 root | slaves

2022-07-02 09:08:27 root | bots

2022-07-02 09:08:29 root | help

2022-07-02 09:08:31 root | exit

2022-07-02 09:08:31 root | 

2022-07-02 09:08:37 root | help

2022-07-02 09:36:37 root | devices

2022-07-02 09:36:37 root | bots

2022-07-02 09:36:45 root | skid

2022-07-02 09:36:46 root | themes

2022-07-02 09:36:49 root | botnet

2022-07-02 09:36:51 root | help

2022-07-02 09:36:54 root | rainbow

2022-07-02 09:36:58 root | skid

2022-07-02 09:36:59 root | exit

2022-07-02 09:36:59 root | 

2022-07-02 09:37:00 root | 

2022-07-02 09:37:01 root | 

2022-07-02 09:39:27 root | help

2022-07-02 09:39:28 root | themes

2022-07-02 09:39:31 root | botnet

2022-07-02 09:39:32 root | help

2022-07-02 09:39:33 root | reload

2022-07-02 09:39:35 root | clear

2022-07-02 09:39:37 root | clear

2022-07-02 09:39:37 root | cls

2022-07-02 09:39:39 root | help

2022-07-02 09:41:30 root | reload

2022-07-02 09:41:31 root | clear

2022-07-02 09:41:32 root | cls

2022-07-02 09:41:40 root | reload

2022-07-02 09:41:40 root | clear

2022-07-02 09:41:42 root | cls

2022-07-02 09:41:42 root | help

2022-07-02 09:42:10 root | theme botnet

2022-07-02 09:42:13 root | themes botnet

2022-07-02 09:42:56 root | help

2022-07-02 09:42:57 root | reload

2022-07-02 09:42:58 root | help

2022-07-02 09:43:01 root | clear

2022-07-02 09:43:02 root | cls

2022-07-02 09:43:46 root | clear

2022-07-02 09:43:49 root | reload

2022-07-02 09:43:49 root | clear

2022-07-02 09:44:14 root | rellad

2022-07-02 09:44:18 root | reload

2022-07-02 09:44:20 root | clear

2022-07-02 09:45:03 root | themes

2022-07-02 09:45:05 root | reloas

2022-07-02 09:45:06 root | themes

2022-07-02 09:45:10 root | reload

2022-07-02 09:45:11 root | themes

2022-07-02 10:03:29 root | reload

2022-07-02 10:03:31 root | themes

2022-07-02 10:03:32 root | hoho

2022-07-02 10:03:34 root | HoHo

2022-07-02 10:06:42 root | reload

2022-07-02 10:06:43 root | hoho

2022-07-02 10:06:44 root | 

2022-07-02 10:06:46 root | clear

2022-07-02 10:06:49 root | clear

2022-07-02 10:06:51 root | cls

2022-07-02 10:06:52 root | cls

2022-07-02 10:06:53 root | cls

2022-07-02 10:06:53 root | cls

2022-07-02 10:06:54 root | s

2022-07-02 10:06:55 root | cls

2022-07-02 10:06:56 root | cls

2022-07-02 10:06:57 root | cls

2022-07-02 10:07:14 root | cls

2022-07-02 10:07:15 root | fls

2022-07-02 10:07:16 root | reload

2022-07-02 10:07:17 root | cls

2022-07-02 10:07:18 root | cls

2022-07-02 10:07:19 root | cls

2022-07-02 10:08:10 root | nano reload

2022-07-02 10:08:13 root | reload

2022-07-02 10:08:13 root | dlear

2022-07-02 10:08:14 root | cls

2022-07-02 10:13:15 root | reload

2022-07-02 10:13:16 root | tsunami

2022-07-02 10:13:21 root | help

2022-07-02 10:13:26 root | themes

2022-07-02 10:22:24 root | reload

2022-07-02 10:22:26 root | mirai

2022-07-02 10:23:25 root | reload

2022-07-02 10:23:26 root | cls

2022-07-02 10:23:27 root | cls

2022-07-02 10:23:57 root | reload

2022-07-02 10:23:58 root | clear

2022-07-02 10:23:59 root | cls

2022-07-02 10:24:03 root | themes

2022-07-02 10:24:26 root | botnet

2022-07-02 10:24:28 root | help

2022-07-02 10:24:35 root | slaves

2022-07-02 10:24:36 root | bots

2022-07-02 10:24:37 root | 

2022-07-02 10:24:37 root | 

2022-07-02 10:24:37 root | 

2022-07-02 10:24:38 root | 

2022-07-02 10:24:38 root | 

2022-07-02 10:24:38 root | 

2022-07-02 10:24:38 root | 

2022-07-02 10:24:38 root | 

2022-07-02 10:24:39 root | 

2022-07-02 10:24:39 root | 

2022-07-02 10:24:39 root | 

2022-07-02 10:24:39 root | 

2022-07-02 10:24:40 root | 

2022-07-02 10:24:41 root | exit

2022-07-02 10:24:41 root | 

2022-07-02 10:24:42 root | 

2022-07-02 10:24:43 root | 

2022-07-02 10:24:44 root | 

2022-07-02 10:24:45 root | 

2022-07-02 14:08:33 root | user add

2022-07-02 14:08:36 root | users add

2022-07-02 14:08:49 root | exit

2022-07-02 14:08:49 root | 

2022-07-02 14:09:05 lmao | 

2022-07-02 14:09:05 lmao | 

2022-07-02 14:09:05 lmao | 

2022-07-02 14:12:58 lmao | 

2022-07-02 14:14:39 lmao | 

2022-07-02 14:14:39 lmao | 

2022-07-02 14:15:19 lmao | 

2022-07-02 14:15:19 lmao | 

2022-07-02 14:16:41 lmao | 

2022-07-02 14:16:41 lmao | 

2022-07-02 14:17:24 lmao | 

2022-07-02 14:19:50 lmao | 

2022-07-02 14:20:20 lmao | exit

2022-07-02 14:20:20 lmao | 

2022-07-02 14:20:44 root | users add

2022-07-02 14:21:28 root | exit

2022-07-02 14:21:28 root | 

2022-07-02 14:21:53 rootoot | 

2022-07-02 14:21:53 rootoot | 

2022-07-02 14:22:23 rootoot | 

2022-07-02 14:22:23 rootoot | 

2022-07-02 14:26:56 rootoot | 

2022-07-02 14:26:56 rootoot | 

2022-07-02 14:33:58 rootoot | 

2022-07-02 14:37:03 rootoot | 

2022-07-02 14:37:15 rootoot | 

2022-07-02 14:38:15 rootoot | 

2022-07-02 14:39:24 rootoot | 

2022-07-02 14:40:07 rootoot | 

2022-07-02 14:40:07 rootoot | 

2022-07-02 14:40:19 rootoot | 

2022-07-03 12:05:23 root | help

2022-07-03 12:05:26 root | udp

2022-07-03 12:05:27 root | tcp

2022-07-03 12:05:47 root | funnel

2022-07-03 12:05:53 root | t-ftp

2022-07-03 12:06:08 root | t-ftp "DROP DATABASE blissful" 200.80

2022-07-03 12:06:10 root | t-ftp "DROP DATABASE blissful" 200 80

2022-07-03 12:06:20 root | t-ftp 'DROP DATABASE blissful' 200 80

2022-07-03 12:06:24 root | t-ftp 'DRO' 200 80

2022-07-03 12:06:30 root | t-ftp skid 200 80

2022-07-03 12:06:34 root | t-ftp skid.com 200 80

2022-07-03 12:07:15 root | t-ftp 1.1.1.1 80 200

2022-07-03 12:56:22 root | t-ftp https://skid.com 443 200

2022-07-03 15:33:42 root | t-ftp skid.com 432 200

2022-07-04 11:10:06 root | passwd

2022-07-04 11:10:40 root | adduser

2022-07-04 11:10:42 root | user add

2022-07-04 11:10:48 root | users add

2022-07-04 11:10:56 root | users add

2022-07-04 11:11:03 root | 

2022-07-04 11:11:24 skiddy | 

2022-07-04 11:11:26 root | exit

2022-07-04 11:11:26 root | 

2022-07-04 11:44:11 root | passwd

2022-07-04 11:44:15 root | passwd

2022-07-04 11:44:19 root | passwd

2022-07-04 11:44:23 root | exit

2022-07-04 11:44:23 root | 

2022-07-04 11:47:09 root | users create

2022-07-04 11:47:17 root | exit

2022-07-04 11:47:17 root | 

2022-07-04 11:47:24 skid | skid

2022-07-04 13:06:26 root | users crerte

2022-07-04 13:06:29 root | users create

2022-07-04 13:06:32 root | users create

2022-07-04 13:12:21 root | users create

2022-07-04 13:15:58 root | users create

2022-07-04 13:20:54 root | 

2022-07-04 13:21:44 root | users create 

2022-07-04 13:21:50 root | users create 

2022-07-04 13:22:02 root | users create

2022-07-04 13:24:22 root | adduser

2022-07-04 13:24:26 root | users create

2022-07-04 13:33:17 root | t-ftp

2022-07-04 13:33:22 root | t-ftp skid.com 20 80

2022-07-04 13:33:24 root | 

2022-07-04 13:36:55 root | users create

2022-07-04 13:37:06 root | exit

2022-07-04 13:37:06 root | 

2022-07-04 13:37:17 skidder | exit

2022-07-04 13:37:17 skidder | 

2022-07-04 14:13:16 root | reload

2022-07-04 14:17:58 root | reload

2022-07-04 14:17:59 root | clear

2022-07-04 14:18:01 root | cls

2022-07-04 14:18:18 root | reload

2022-07-04 14:18:19 root | clear

2022-07-04 14:18:20 root | cls

2022-07-04 14:18:43 root | relaod

2022-07-04 14:18:47 root | reload

2022-07-04 14:18:48 root | clear

2022-07-04 14:18:49 root | cls

2022-07-04 14:19:01 root | reload

2022-07-04 14:19:02 root | clear

2022-07-04 14:19:03 root | cls

2022-07-04 14:22:05 root | reload

2022-07-04 14:22:06 root | help

2022-07-04 14:22:20 root | reload

2022-07-04 14:22:22 root | sessions

2022-07-04 14:22:24 root | help

2022-07-04 14:22:25 root | motd

2022-07-04 14:22:27 root | motd skid

2022-07-04 14:22:33 root | motd I LOVE MEN <3

2022-07-04 14:24:57 root | reload

2022-07-04 14:25:00 root | t-ftp skkd.com

2022-07-04 14:25:02 root | t-ftp skkd.com 20

2022-07-04 14:25:05 root | 

2022-07-04 14:25:05 root | 

2022-07-04 14:25:32 root | t-ftp skkd.com 20

2022-07-04 14:25:42 root | reload

2022-07-04 14:25:45 root | t-ftp skkd.com 20

2022-07-04 14:32:19 root | reload

2022-07-04 14:34:53 root | reload

2022-07-04 14:34:54 root | tcp

2022-07-04 14:34:56 root | !tcp

2022-07-04 14:34:57 root | help

2022-07-04 14:35:04 root | !udp 74.74.74

2022-07-04 14:35:08 root | !udp 74.74.74.74 200 80

2022-07-04 14:35:52 root | !udp 74.74.74.74 200 80

2022-07-04 14:36:00 root | relkad

2022-07-04 14:36:01 root | reload

2022-07-04 14:36:02 root | !udp 74.74.74.74 200 80

2022-07-04 14:51:50 root | 

2022-07-04 14:52:26 root | reload

2022-07-04 14:52:26 root | cls

2022-07-04 14:52:29 root | themes

2022-07-04 14:52:32 root | hoho

2022-07-04 14:52:39 root | themes

2022-07-04 14:52:44 root | tsunami

2022-07-04 14:52:47 root | themes

2022-07-04 14:52:52 root | mirai

2022-07-04 14:52:54 root | themes

2022-07-04 14:52:56 root | hoho

2022-07-04 14:53:04 root | !http https://stake.uk.com 443 200

2022-07-04 14:56:12 root | reload

2022-07-04 14:56:14 root | hoho

2022-07-04 14:56:27 root | !http https://stake.uk.com 443 200

2022-07-04 14:56:57 root | ping

2022-07-04 14:56:59 root | tcping

2022-07-04 14:57:10 root | exit

2022-07-04 14:57:10 root | 

2022-07-04 14:57:11 root | 

2022-07-04 14:57:12 root | 

2022-07-04 14:57:13 root | 

2022-07-04 14:57:14 root | 

2022-07-04 14:57:15 root | 

2022-07-04 15:06:22 root | !http 20.20.20.30

2022-07-04 15:06:25 root | !http 20.20.20.30 402

2022-07-04 15:06:27 root | !http 20.20.20.30 402 80

2022-07-04 15:06:30 root | help

2022-07-04 15:06:35 root | themes

2022-07-04 15:06:37 root | tsunami

2022-07-04 15:06:39 root | help

2022-07-04 15:06:43 root | themes

2022-07-04 15:06:48 root | mirai

2022-07-04 15:06:53 root | exit

2022-07-04 15:06:53 root | 

2022-07-04 15:06:54 root | 

2022-07-04 15:06:55 root | 

2022-07-15 09:22:04 root | help

2022-07-15 09:22:06 root | !tcp

2022-07-15 09:22:08 root | !tcp

2022-07-15 09:22:09 root | !udp

2022-07-15 09:22:10 root | idp

2022-07-15 09:22:11 root | udp

2022-07-15 09:22:13 root | !udp 20

2022-07-15 09:31:21 root | !udp

2022-07-15 09:36:25 root | 

2022-07-15 09:36:25 root | 

2022-07-15 09:36:25 root | 

2022-07-15 09:36:26 root | 

2022-07-15 09:36:26 root | 

2022-07-15 09:36:26 root | 

2022-07-15 09:36:27 root | 

2022-07-15 09:36:28 root | clear

2022-07-15 09:36:29 root | cls

2022-07-15 13:42:18 root | !udp

2022-07-15 13:42:21 root | !udp 0.0.0.0 20 43

2022-07-15 13:42:51 root | exit

2022-07-15 13:42:51 root | 

2022-07-15 14:58:11 root | haha noob ezzzzz thata my cnc frfr https://github.com/AtlanticCNC/Atlantic (please star i beg you)

2022-07-16 23:13:43 root | help

2022-07-16 23:13:54 root | reload

2022-07-16 23:13:56 root | help

2022-07-16 23:13:58 root | exit

2022-07-16 23:13:58 root | 

2022-07-28 16:58:51 root | key

2022-07-28 16:59:01 root | attacks

2022-07-28 16:59:03 root | 

2022-07-28 16:59:03 root | 

2022-07-28 16:59:03 root | 

2022-07-28 16:59:08 root | attacks disable

2022-07-28 16:59:13 root | attacks disable

2022-07-28 16:59:14 root | attacks disable

2022-07-28 16:59:15 root | 

2022-07-28 17:04:19 root | attacks enable

2022-07-28 17:04:22 root | attacks enable e

2022-07-28 17:04:24 root | attacks enable enable

2022-07-28 17:04:26 root | attacks enable enable enable

2022-07-28 17:05:24 root | attacks enanle

2022-07-28 17:05:25 root | attacks enanle

2022-07-28 17:05:28 root | attacks enable

2022-07-28 17:05:31 root | attacks enabled

2022-07-28 17:06:05 root | attacks enable

2022-07-28 17:06:07 root | attacks enable

2022-07-28 17:06:07 root | 

2022-07-28 17:06:11 root | attacks enabled

2022-07-28 17:07:00 root | attacks enable

2022-07-28 17:09:47 root | attacks enable

2022-07-28 17:09:51 root | attacks s

2022-07-28 17:09:54 root | attacks disable

2022-07-28 17:12:27 root | attacks enable

2022-07-28 17:12:30 root | key

2022-07-28 17:12:58 root | attacks disable

2022-07-28 17:12:59 root | methods

2022-07-28 17:13:02 root | help

2022-07-28 17:13:05 root | tcp

2022-07-28 17:13:12 root | !tcp 1.1.1.1 443 200

2022-07-28 17:13:18 root | attacks disable

2022-07-28 17:13:26 root | !tcp 1.1.1.1 443 200

2022-07-28 17:15:46 root | attacks disablw

2022-07-28 17:15:48 root | attacks disable

2022-07-28 17:16:00 root | !tcp 53.25.14.25 443 200

2022-07-28 17:16:46 root | attacks disable

2022-07-28 17:16:49 root | !tcp 1.1.1.1 200 443

2022-07-28 17:17:48 root | 

2022-07-28 17:19:23 root | attacks enable

2022-07-28 17:19:35 root | !http https://malloc.wtf 443 200

2022-07-28 17:19:50 root | key

2022-07-28 17:36:10 root | 

2022-07-28 17:36:10 root | 

2022-07-28 17:36:11 root | 

2022-07-28 17:36:11 root | 

2022-07-28 17:36:11 root | 

2022-07-28 17:36:11 root | 

2022-07-28 17:36:11 root | 

2022-07-28 17:36:12 root | z

2022-07-28 17:36:12 root | s

2022-07-28 17:36:12 root | 

2022-07-28 17:36:12 root | z

2022-07-28 17:36:12 root | 

2022-07-28 17:36:13 root | 

2022-07-28 17:36:13 root | s

2022-07-28 17:36:13 root | s

2022-07-28 17:36:13 root | 

2022-07-28 17:36:13 root | 

2022-07-28 17:36:14 root | 

2022-07-28 17:36:14 root | 

2022-07-28 17:36:14 root | ss

2022-07-28 17:36:14 root | 

2022-07-28 17:36:14 root | a

2022-07-28 17:36:15 root | s

2022-07-28 17:36:15 root | s

2022-07-28 17:36:15 root | s

2022-07-28 17:36:15 root | s

2022-07-28 17:36:15 root | s

2022-07-28 17:36:16 root | ss

2022-07-28 17:36:17 root | s

2022-07-28 17:36:17 root | s

2022-07-28 17:36:19 root | w

2022-07-28 17:36:19 root | w

2022-07-28 17:36:19 root | w

2022-07-28 17:36:20 root | wwrir

2022-07-28 17:36:22 root | fffkkrlrldldkkdmd

2022-07-28 17:36:22 root | s

2022-07-28 17:36:23 root | d

2022-07-28 17:36:23 root | d

2022-07-28 17:36:23 root | d

2022-07-28 17:36:23 root | 

2022-07-28 17:36:23 root | d

2022-07-28 17:36:24 root | d

2022-07-28 17:58:59 root | 

2022-07-28 17:58:59 root | 

2022-07-28 17:58:59 root | 

2022-07-28 17:59:04 root | help

2022-07-28 17:59:07 root | clear

2022-07-28 17:59:08 root | cls

2022-07-28 17:59:11 root | cls

2022-07-28 17:59:12 root | cls

2022-07-28 17:59:14 root | help

